\BOOKMARK [1][-]{section.1}{\376\377\230\171\166\356\151\202\121\265\116\016\170\024\172\166\200\314\146\157}{}% 1
\BOOKMARK [1][-]{section.2}{\376\377\210\114\116\032\163\260\162\266\122\006\147\220}{}% 2
\BOOKMARK [2][-]{subsection.2.1}{\376\377\126\375\121\205\131\026\127\316\136\002\202\006\140\305\166\321\155\113\210\114\116\032\123\321\134\125\163\260\162\266}{section.2}% 3
\BOOKMARK [3][-]{subsubsection.2.1.1}{\376\377\121\150\164\003\136\002\127\072\211\304\152\041}{subsection.2.1}% 4
\BOOKMARK [3][-]{subsubsection.2.1.2}{\376\377\116\055\126\375\136\002\127\072\211\304\152\041}{subsection.2.1}% 5
\BOOKMARK [3][-]{subsubsection.2.1.3}{\376\377\210\114\116\032\123\321\134\125\215\213\122\277}{subsection.2.1}% 6
\BOOKMARK [2][-]{subsection.2.2}{\376\377\146\172\141\147\127\316\136\002\136\372\213\276\116\055\202\006\140\305\173\241\164\006\166\204\127\060\117\115\116\016\117\134\165\050}{section.2}% 7
\BOOKMARK [2][-]{subsection.2.3}{\376\377\116\073\155\101\202\006\140\305\166\321\155\113\116\247\124\301\133\371\153\324\122\006\147\220}{section.2}% 8
\BOOKMARK [2][-]{subsection.2.4}{\376\377\131\047\152\041\127\213\127\050\202\006\140\305\122\006\147\220\230\206\127\337\166\204\136\224\165\050\217\333\134\125}{section.2}% 9
\BOOKMARK [1][-]{section.3}{\376\377\145\077\173\126\163\257\130\203\170\024\172\166}{}% 10
\BOOKMARK [2][-]{subsection.3.1}{\376\377\126\375\133\266\134\102\227\142\146\172\141\147\127\316\136\002\116\016\145\160\133\127\145\077\136\234\145\077\173\126}{section.3}% 11
\BOOKMARK [2][-]{subsection.3.2}{\376\377\177\121\176\334\202\006\140\305\173\241\164\006\154\325\211\304\117\123\174\373}{section.3}% 12
\BOOKMARK [2][-]{subsection.3.3}{\376\377\154\263\123\127\167\001\145\160\133\127\123\026\217\154\127\213\145\077\173\126\145\057\143\001}{section.3}% 13
\BOOKMARK [3][-]{subsubsection.3.3.1}{\376\377\060\012\154\263\123\127\167\001\155\361\123\026\146\172\141\147\127\316\136\002\123\321\134\125\143\250\217\333\127\316\136\002\121\150\127\337\145\160\133\127\123\026\217\154\127\213\133\236\145\275\145\271\150\110\377\010\0002\0000\0002\0005\000-\0002\0000\0002\0007\136\164\377\011\060\013}{subsection.3.3}% 14
\BOOKMARK [3][-]{subsubsection.3.3.2}{\376\377\060\012\154\263\123\127\167\001\145\057\143\001\116\272\135\345\146\172\200\375\116\247\116\032\165\037\140\001\123\321\134\125\202\345\136\162\145\077\173\126\143\252\145\275\060\013\377\010\0002\0000\0002\0005\136\164\0008\147\010\123\321\136\003\377\011}{subsection.3.3}% 15
\BOOKMARK [2][-]{subsection.3.4}{\376\377\117\341\226\063\136\002\145\160\133\127\123\026\217\154\127\213\166\370\121\163\145\077\173\126}{section.3}% 16
\BOOKMARK [1][-]{section.4}{\376\377\136\002\127\072\227\000\154\102\122\006\147\220}{}% 17
\BOOKMARK [2][-]{subsection.4.1}{\376\377\145\077\136\234\220\350\225\350\202\006\140\305\166\321\155\113\227\000\154\102}{section.4}% 18
\BOOKMARK [3][-]{subsubsection.4.1.1}{\376\377\136\224\140\045\173\241\164\006\220\350\225\350}{subsection.4.1}% 19
\BOOKMARK [3][-]{subsubsection.4.1.2}{\376\377\171\076\117\032\154\273\164\006\220\350\225\350}{subsection.4.1}% 20
\BOOKMARK [2][-]{subsection.4.2}{\376\377\117\001\116\032\202\006\140\305\166\321\155\113\227\000\154\102}{section.4}% 21
\BOOKMARK [3][-]{subsubsection.4.2.1}{\376\377\124\301\162\114\130\360\212\211\166\321\155\113}{subsection.4.2}% 22
\BOOKMARK [3][-]{subsubsection.4.2.2}{\376\377\123\161\147\072\121\154\121\163\136\224\133\371}{subsection.4.2}% 23
\BOOKMARK [2][-]{subsection.4.3}{\376\377\116\052\116\272\165\050\142\067\127\072\146\157\227\000\154\102}{section.4}% 24
\BOOKMARK [2][-]{subsection.4.4}{\376\377\127\060\176\247\136\002\000/\123\277\127\337\136\002\127\072\165\333\160\271\122\006\147\220}{section.4}% 25
\BOOKMARK [1][-]{section.5}{\376\377\142\200\147\057\123\357\210\114\140\047\214\003\170\024}{}% 26
\BOOKMARK [2][-]{subsection.5.1}{\376\377\131\047\213\355\212\000\152\041\127\213\142\200\147\057\163\260\162\266}{section.5}% 27
\BOOKMARK [2][-]{subsection.5.2}{\376\377\202\006\140\305\145\160\143\156\221\307\226\306\142\200\147\057}{section.5}% 28
\BOOKMARK [2][-]{subsection.5.3}{\376\377\000N\000L\000P\140\305\141\037\122\006\147\220\116\016\116\073\230\230\136\372\152\041\142\200\147\057\142\020\161\237\136\246}{section.5}% 29
\BOOKMARK [2][-]{subsection.5.4}{\376\377\0003\000D\123\357\211\306\123\026\142\200\147\057\145\271\150\110}{section.5}% 30
\BOOKMARK [2][-]{subsection.5.5}{\376\377\134\017\152\041\127\213\137\256\214\003\142\200\147\057}{section.5}% 31
\BOOKMARK [2][-]{subsection.5.6}{\376\377\230\204\155\113\152\041\127\213\116\016\152\041\142\337\143\250\157\024\142\200\147\057\215\357\176\277}{section.5}% 32
\BOOKMARK [1][-]{section.6}{\376\377\172\336\124\301\116\016\135\356\137\002\123\026\122\006\147\220}{}% 33
\BOOKMARK [2][-]{subsection.6.1}{\376\377\131\064\220\350\202\006\140\305\166\321\155\113\116\247\124\301\122\237\200\375\133\371\153\324}{section.6}% 34
\BOOKMARK [2][-]{subsection.6.2}{\376\377\163\260\147\011\116\247\124\301\166\204\116\015\215\263\116\016\145\071\217\333\172\172\225\364}{section.6}% 35
\BOOKMARK [2][-]{subsection.6.3}{\376\377\147\054\230\171\166\356\122\033\145\260\160\271\116\016\135\356\137\002\123\026\117\030\122\277}{section.6}% 36
\BOOKMARK [2][-]{subsection.6.4}{\376\377\131\047\133\146\165\037\126\342\226\037\133\236\163\260\166\204\123\357\210\114\140\047\213\304\117\060}{section.6}% 37
\BOOKMARK [1][-]{section.7}{\376\377\230\316\226\151\116\016\143\021\142\030}{}% 38
\BOOKMARK [2][-]{subsection.7.1}{\376\377\145\160\143\156\203\267\123\326\124\010\211\304\140\047\230\316\226\151}{section.7}% 39
\BOOKMARK [2][-]{subsection.7.2}{\376\377\142\200\147\057\133\236\163\260\226\276\160\271}{section.7}% 40
\BOOKMARK [2][-]{subsection.7.3}{\376\377\136\002\127\072\143\250\136\177\226\234\170\215}{section.7}% 41
\BOOKMARK [2][-]{subsection.7.4}{\376\377\172\336\116\211\123\213\122\233\122\006\147\220}{section.7}% 42
\BOOKMARK [1][-]{section.8}{\376\377\176\323\213\272\116\016\136\372\213\256}{}% 43
\BOOKMARK [2][-]{subsection.8.1}{\376\377\136\002\127\072\122\115\146\157\122\044\145\255}{section.8}% 44
\BOOKMARK [2][-]{subsection.8.2}{\376\377\150\070\137\303\117\030\122\277\140\073\176\323}{section.8}% 45
\BOOKMARK [2][-]{subsection.8.3}{\376\377\133\371\131\047\133\146\165\037\126\342\226\037\166\204\121\167\117\123\136\372\213\256}{section.8}% 46
\BOOKMARK [1][-]{section.9}{\376\377\123\302\200\003\145\207\163\056}{}% 47
